<?xml version="1.0" encoding="UTF-8"?>
<!-- Generated by org.testng.reporters.JUnitXMLReporter -->
<testsuite ignored="0" hostname="HP" failures="0" tests="3" name="Default test" time="22.632" errors="0" timestamp="02 Jul 2024 06:23:31 GMT">
  <testcase classname="org.login.LoginUsingExcel" name="signInClick" time="1.88"/>
  <testcase classname="org.login.LoginUsingExcel" name="passValues" time="5.741"/>
  <testcase classname="org.login.LoginUsingExcel" name="screenshotMyAccount" time="0.687"/>
</testsuite> <!-- Default test -->
