<?xml version="1.0" encoding="UTF-8"?>
<!-- Generated by org.testng.reporters.JUnitXMLReporter -->
<testsuite ignored="0" hostname="HP" failures="0" tests="3" name="Test" time="19.632" errors="0" timestamp="02 Jul 2024 06:24:18 GMT">
  <testcase classname="org.login.ParameterPassing" name="signInClick" time="1.931"/>
  <testcase classname="org.login.ParameterPassing" name="passValues" time="2.39"/>
  <testcase classname="org.login.ParameterPassing" name="screenshotMyAccount" time="0.658"/>
</testsuite> <!-- Test -->
